Connecting to database specified by database.yml
Compiled jquery.js  (2ms)  (pid 31149)
Compiled jquery_ujs.js  (0ms)  (pid 31149)
Compiled bootstrap-transition.js  (0ms)  (pid 31149)
Compiled bootstrap-affix.js  (0ms)  (pid 31149)
Compiled bootstrap-alert.js  (0ms)  (pid 31149)
Compiled bootstrap-button.js  (0ms)  (pid 31149)
Compiled bootstrap-carousel.js  (0ms)  (pid 31149)
Compiled bootstrap-collapse.js  (0ms)  (pid 31149)
Compiled bootstrap-dropdown.js  (0ms)  (pid 31149)
Compiled bootstrap-modal.js  (0ms)  (pid 31149)
Compiled bootstrap-scrollspy.js  (0ms)  (pid 31149)
Compiled bootstrap-tab.js  (0ms)  (pid 31149)
Compiled bootstrap-tooltip.js  (0ms)  (pid 31149)
Compiled bootstrap-popover.js  (0ms)  (pid 31149)
Compiled bootstrap-typeahead.js  (0ms)  (pid 31149)
Compiled bootstrap.js  (191ms)  (pid 31149)
Compiled employees.js  (244ms)  (pid 31149)
Compiled home.js  (139ms)  (pid 31149)
Compiled application.js  (711ms)  (pid 31149)
Compiled bootstrap_and_overrides.css  (2732ms)  (pid 31149)
Compiled employees.css  (1ms)  (pid 31149)
Compiled home.css  (1ms)  (pid 31149)
Compiled application.css  (2843ms)  (pid 31149)
Connecting to database specified by database.yml
Compiled jquery.js  (2ms)  (pid 31149)
Compiled jquery_ujs.js  (0ms)  (pid 31149)
Compiled bootstrap-transition.js  (0ms)  (pid 31149)
Compiled bootstrap-affix.js  (0ms)  (pid 31149)
Compiled bootstrap-alert.js  (0ms)  (pid 31149)
Compiled bootstrap-button.js  (0ms)  (pid 31149)
Compiled bootstrap-carousel.js  (0ms)  (pid 31149)
Compiled bootstrap-collapse.js  (0ms)  (pid 31149)
Compiled bootstrap-dropdown.js  (0ms)  (pid 31149)
Compiled bootstrap-modal.js  (0ms)  (pid 31149)
Compiled bootstrap-scrollspy.js  (0ms)  (pid 31149)
Compiled bootstrap-tab.js  (0ms)  (pid 31149)
Compiled bootstrap-tooltip.js  (0ms)  (pid 31149)
Compiled bootstrap-popover.js  (0ms)  (pid 31149)
Compiled bootstrap-typeahead.js  (0ms)  (pid 31149)
Compiled bootstrap.js  (153ms)  (pid 31149)
Compiled employees.js  (164ms)  (pid 31149)
Compiled home.js  (140ms)  (pid 31149)
Compiled application.js  (578ms)  (pid 31149)
Compiled bootstrap_and_overrides.css  (2515ms)  (pid 31149)
Compiled employees.css  (1ms)  (pid 31149)
Compiled home.css  (1ms)  (pid 31149)
Compiled application.css  (2584ms)  (pid 31149)
Connecting to database specified by database.yml
Compiled jquery.js  (2ms)  (pid 31214)
Compiled jquery_ujs.js  (0ms)  (pid 31214)
Compiled bootstrap-transition.js  (0ms)  (pid 31214)
Compiled bootstrap-affix.js  (0ms)  (pid 31214)
Compiled bootstrap-alert.js  (0ms)  (pid 31214)
Compiled bootstrap-button.js  (0ms)  (pid 31214)
Compiled bootstrap-carousel.js  (0ms)  (pid 31214)
Compiled bootstrap-collapse.js  (0ms)  (pid 31214)
Compiled bootstrap-dropdown.js  (0ms)  (pid 31214)
Compiled bootstrap-modal.js  (0ms)  (pid 31214)
Compiled bootstrap-scrollspy.js  (0ms)  (pid 31214)
Compiled bootstrap-tab.js  (0ms)  (pid 31214)
Compiled bootstrap-tooltip.js  (0ms)  (pid 31214)
Compiled bootstrap-popover.js  (0ms)  (pid 31214)
Compiled bootstrap-typeahead.js  (0ms)  (pid 31214)
Compiled bootstrap.js  (136ms)  (pid 31214)
Compiled employees.js  (141ms)  (pid 31214)
Compiled home.js  (141ms)  (pid 31214)
Compiled application.js  (485ms)  (pid 31214)
Compiled bootstrap_and_overrides.css  (2621ms)  (pid 31214)
Compiled employees.css  (1ms)  (pid 31214)
Compiled home.css  (1ms)  (pid 31214)
Compiled application.css  (2664ms)  (pid 31214)
Connecting to database specified by database.yml
Compiled jquery.js  (2ms)  (pid 31214)
Compiled jquery_ujs.js  (0ms)  (pid 31214)
Compiled bootstrap-transition.js  (0ms)  (pid 31214)
Compiled bootstrap-affix.js  (0ms)  (pid 31214)
Compiled bootstrap-alert.js  (0ms)  (pid 31214)
Compiled bootstrap-button.js  (0ms)  (pid 31214)
Compiled bootstrap-carousel.js  (0ms)  (pid 31214)
Compiled bootstrap-collapse.js  (0ms)  (pid 31214)
Compiled bootstrap-dropdown.js  (0ms)  (pid 31214)
Compiled bootstrap-modal.js  (0ms)  (pid 31214)
Compiled bootstrap-scrollspy.js  (0ms)  (pid 31214)
Compiled bootstrap-tab.js  (0ms)  (pid 31214)
Compiled bootstrap-tooltip.js  (0ms)  (pid 31214)
Compiled bootstrap-popover.js  (0ms)  (pid 31214)
Compiled bootstrap-typeahead.js  (0ms)  (pid 31214)
Compiled bootstrap.js  (128ms)  (pid 31214)
Compiled employees.js  (258ms)  (pid 31214)
Compiled home.js  (139ms)  (pid 31214)
Compiled application.js  (573ms)  (pid 31214)
Compiled bootstrap_and_overrides.css  (2563ms)  (pid 31214)
Compiled employees.css  (1ms)  (pid 31214)
Compiled home.css  (1ms)  (pid 31214)
Compiled application.css  (2674ms)  (pid 31214)
